#
# There is insufficient memory for the Java Runtime Environment to continue.
# Native memory allocation (malloc) failed to allocate 1048576 bytes for AllocateHeap
# Possible reasons:
#   The system is out of physical RAM or swap space
#   The process is running with CompressedOops enabled, and the Java Heap may be blocking the growth of the native heap
# Possible solutions:
#   Reduce memory load on the system
#   Increase physical memory or swap space
#   Check if swap backing store is full
#   Decrease Java heap size (-Xmx/-Xms)
#   Decrease number of Java threads
#   Decrease Java thread stack sizes (-Xss)
#   Set larger code cache with -XX:ReservedCodeCacheSize=
#   JVM is running with Unscaled Compressed Oops mode in which the Java heap is
#     placed in the first 4GB address space. The Java Heap base address is the
#     maximum limit for the native heap growth. Please use -XX:HeapBaseMinAddress
#     to set the Java Heap base and to place the Java Heap above 4GB virtual address.
# This output file may be truncated or incomplete.
#
#  Out of Memory Error (allocation.cpp:44), pid=13960, tid=17348
#
# JRE version:  (17.0.8+9) (build )
# Java VM: Java HotSpot(TM) 64-Bit Server VM (17.0.8+9-LTS-211, mixed mode, sharing, tiered, compressed oops, compressed class ptrs, g1 gc, windows-amd64)
# No core dump will be written. Minidumps are not enabled by default on client versions of Windows
#

---------------  S U M M A R Y ------------

Command Line: -Dcom.android.sdklib.toolsdir=C:\Users\namgi\AppData\Local\Android\Sdk\tools\bin\\.. com.android.sdklib.tool.sdkmanager.SdkManagerCli --list

Host: Intel(R) Core(TM) i5-10210U CPU @ 1.60GHz, 8 cores, 7G,  Windows 10 , 64 bit Build 19041 (10.0.19041.3636)
Time: Thu Dec 28 18:27:53 2023 SE Asia Standard Time elapsed time: 0.018399 seconds (0d 0h 0m 0s)

---------------  T H R E A D  ---------------

Current thread (0x000002144416aec0):  JavaThread "Unknown thread" [_thread_in_vm, id=17348, stack(0x0000008854800000,0x0000008854900000)]

Stack: [0x0000008854800000,0x0000008854900000]
Native frames: (J=compiled Java code, j=interpreted, Vv=VM code, C=native code)
V  [jvm.dll+0x677d0a]
V  [jvm.dll+0x7d8c54]
V  [jvm.dll+0x7da3fe]
V  [jvm.dll+0x7daa63]
V  [jvm.dll+0x245c5f]
V  [jvm.dll+0xa50e3]
V  [jvm.dll+0x2e360e]
V  [jvm.dll+0x2db32b]
V  [jvm.dll+0x7aa711]
V  [jvm.dll+0x367b51]
V  [jvm.dll+0x789979]
V  [jvm.dll+0x3eb05f]
V  [jvm.dll+0x3ecae1]
C  [jli.dll+0x5297]
C  [ucrtbase.dll+0x21bb2]
C  [KERNEL32.DLL+0x17344]
C  [ntdll.dll+0x526b1]


---------------  P R O C E S S  ---------------

Threads class SMR info:
_java_thread_list=0x00007ff8dffd59d8, length=0, elements={
}

Java Threads: ( => current thread )

Other Threads:
  0x00000214441c2ca0 GCTaskThread "GC Thread#0" [stack: 0x0000008854900000,0x0000008854a00000] [id=9964]

[error occurred during error reporting (printing all threads), id 0xc0000005, EXCEPTION_ACCESS_VIOLATION (0xc0000005) at pc=0x00007ff8df808580]

VM state: not at safepoint (not fully initialized)

VM Mutex/Monitor currently owned by a thread:  ([mutex/lock_event])
[0x000002144411d510] Heap_lock - owner thread: 0x000002144416aec0

Heap address: 0x0000000082600000, size: 2010 MB, Compressed Oops mode: 32-bit

CDS archive(s) mapped at: [0x0000000000000000-0x0000000000000000-0x0000000000000000), size 0, SharedBaseAddress: 0x0000000800000000, ArchiveRelocationMode: 1.
Narrow klass base: 0x0000000000000000, Narrow klass shift: 0, Narrow klass range: 0x0

GC Precious Log:
<Empty>

Heap:
 garbage-first heap   total 0K, used 0K [0x0000000082600000, 0x0000000100000000)
  region size 1024K, 0 young (0K), 0 survivors (0K)

[error occurred during error reporting (printing heap information), id 0xc0000005, EXCEPTION_ACCESS_VIOLATION (0xc0000005) at pc=0x00007ff8dfbf1499]

GC Heap History (0 events):
No events

Deoptimization events (0 events):
No events

Classes unloaded (0 events):
No events

Classes redefined (0 events):
No events

Internal exceptions (0 events):
No events

VM Operations (0 events):
No events

Events (1 events):
Event: 0.014 Loaded shared library C:\Users\namgi\AppData\Local\jdk-17.0.8\bin\java.dll


Dynamic libraries:
0x00007ff673c40000 - 0x00007ff673c50000 	C:\Users\namgi\AppData\Local\jdk-17.0.8\bin\java.exe
0x00007ff97eff0000 - 0x00007ff97f1e8000 	C:\Windows\SYSTEM32\ntdll.dll
0x00007ff97ee20000 - 0x00007ff97eedd000 	C:\Windows\System32\KERNEL32.DLL
0x00007ff97c9b0000 - 0x00007ff97cca6000 	C:\Windows\System32\KERNELBASE.dll
0x00007ff97c6d0000 - 0x00007ff97c7d0000 	C:\Windows\System32\ucrtbase.dll
0x00007ff9776b0000 - 0x00007ff9776cb000 	C:\Users\namgi\AppData\Local\jdk-17.0.8\bin\VCRUNTIME140.dll
0x00007ff9600f0000 - 0x00007ff960109000 	C:\Users\namgi\AppData\Local\jdk-17.0.8\bin\jli.dll
0x00007ff97d710000 - 0x00007ff97d7bf000 	C:\Windows\System32\ADVAPI32.dll
0x00007ff97d550000 - 0x00007ff97d5ee000 	C:\Windows\System32\msvcrt.dll
0x00007ff97d7c0000 - 0x00007ff97d85c000 	C:\Windows\System32\sechost.dll
0x00007ff97deb0000 - 0x00007ff97dfd6000 	C:\Windows\System32\RPCRT4.dll
0x00007ff97d860000 - 0x00007ff97d9fe000 	C:\Windows\System32\USER32.dll
0x00007ff97ccb0000 - 0x00007ff97ccd2000 	C:\Windows\System32\win32u.dll
0x00007ff97e450000 - 0x00007ff97e47c000 	C:\Windows\System32\GDI32.dll
0x00007ff961d80000 - 0x00007ff96201a000 	C:\Windows\WinSxS\amd64_microsoft.windows.common-controls_6595b64144ccf1df_6.0.19041.3636_none_60b6a03d71f818d5\COMCTL32.dll
0x00007ff97c890000 - 0x00007ff97c9aa000 	C:\Windows\System32\gdi32full.dll
0x00007ff97cf60000 - 0x00007ff97cffd000 	C:\Windows\System32\msvcp_win.dll
0x00007ff975080000 - 0x00007ff97508a000 	C:\Windows\SYSTEM32\VERSION.dll
0x00007ff97d360000 - 0x00007ff97d390000 	C:\Windows\System32\IMM32.DLL
0x00007ff96b210000 - 0x00007ff96b21c000 	C:\Users\namgi\AppData\Local\jdk-17.0.8\bin\vcruntime140_1.dll
0x00007ff93c270000 - 0x00007ff93c2fe000 	C:\Users\namgi\AppData\Local\jdk-17.0.8\bin\msvcp140.dll
0x00007ff8df520000 - 0x00007ff8e00fe000 	C:\Users\namgi\AppData\Local\jdk-17.0.8\bin\server\jvm.dll
0x00007ff97ec30000 - 0x00007ff97ec38000 	C:\Windows\System32\PSAPI.DLL
0x00007ff973400000 - 0x00007ff973409000 	C:\Windows\SYSTEM32\WSOCK32.dll
0x00007ff97d6a0000 - 0x00007ff97d70b000 	C:\Windows\System32\WS2_32.dll
0x00007ff958cb0000 - 0x00007ff958cd7000 	C:\Windows\SYSTEM32\WINMM.dll
0x00007ff97aee0000 - 0x00007ff97aef2000 	C:\Windows\SYSTEM32\kernel.appcore.dll
0x00007ff9698e0000 - 0x00007ff9698ea000 	C:\Users\namgi\AppData\Local\jdk-17.0.8\bin\jimage.dll
0x00007ff97a450000 - 0x00007ff97a634000 	C:\Windows\SYSTEM32\DBGHELP.DLL
0x00007ff959a70000 - 0x00007ff959aa4000 	C:\Windows\SYSTEM32\dbgcore.DLL
0x00007ff97c7d0000 - 0x00007ff97c852000 	C:\Windows\System32\bcryptPrimitives.dll
0x00007ff941970000 - 0x00007ff941995000 	C:\Users\namgi\AppData\Local\jdk-17.0.8\bin\java.dll

dbghelp: loaded successfully - version: 4.0.5 - missing functions: none
symbol engine: initialized successfully - sym options: 0x614 - pdb path: .;C:\Users\namgi\AppData\Local\jdk-17.0.8\bin;C:\Windows\SYSTEM32;C:\Windows\WinSxS\amd64_microsoft.windows.common-controls_6595b64144ccf1df_6.0.19041.3636_none_60b6a03d71f818d5;C:\Users\namgi\AppData\Local\jdk-17.0.8\bin\server

VM Arguments:
jvm_args: -Dcom.android.sdklib.toolsdir=C:\Users\namgi\AppData\Local\Android\Sdk\tools\bin\\.. 
java_command: com.android.sdklib.tool.sdkmanager.SdkManagerCli --list
java_class_path (initial): C:\Users\namgi\AppData\Local\Android\Sdk\tools\bin\..\lib\dvlib-26.0.0-dev.jar;C:\Users\namgi\AppData\Local\Android\Sdk\tools\bin\..\lib\jimfs-1.1.jar;C:\Users\namgi\AppData\Local\Android\Sdk\tools\bin\..\lib\jsr305-1.3.9.jar;C:\Users\namgi\AppData\Local\Android\Sdk\tools\bin\..\lib\repository-26.0.0-dev.jar;C:\Users\namgi\AppData\Local\Android\Sdk\tools\bin\..\lib\j2objc-annotations-1.1.jar;C:\Users\namgi\AppData\Local\Android\Sdk\tools\bin\..\lib\layoutlib-api-26.0.0-dev.jar;C:\Users\namgi\AppData\Local\Android\Sdk\tools\bin\..\lib\gson-2.3.jar;C:\Users\namgi\AppData\Local\Android\Sdk\tools\bin\..\lib\httpcore-4.2.5.jar;C:\Users\namgi\AppData\Local\Android\Sdk\tools\bin\..\lib\commons-logging-1.1.1.jar;C:\Users\namgi\AppData\Local\Android\Sdk\tools\bin\..\lib\commons-compress-1.12.jar;C:\Users\namgi\AppData\Local\Android\Sdk\tools\bin\..\lib\annotations-26.0.0-dev.jar;C:\Users\namgi\AppData\Local\Android\Sdk\tools\bin\..\lib\error_prone_annotations-2.0.18.jar;C:\Users\namgi\AppData\Local\Android\Sdk\tools\bin\..\lib\animal-sniffer-annotations-1.14.jar;C:\Users\namgi\AppData\Local\Android\Sdk\tools\bin\..\lib\httpclient-4.2.6.jar;C:\Users\namgi\AppData\Local\Android\Sdk\tools\bin\..\lib\commons-codec-1.6.jar;C:\Users\namgi\AppData\Local\Android\Sdk\tools\bin\..\lib\common-26.0.0-dev.jar;C:\Users\namgi\AppData\Local\Android\Sdk\tools\bin\..\lib\kxml2-2.3.0.jar;C:\Users\namgi\AppData\Local\Android\Sdk\tools\bin\..\lib\httpmime-4.1.jar;C:\Users\namgi\AppData\Local\Android\Sdk\tools\bin\..\lib\annotations-12.0.jar;C:\Users\namgi\AppData\Local\Android\Sdk\tools\bin\..\lib\sdklib-26.0.0-dev.jar;C:\Users\namgi\AppData\Local\Android\Sdk\tools\bin\..\lib\guava-22.0.jar
Launcher Type: SUN_STANDARD

[Global flags]
     intx CICompilerCount                          = 4                                         {product} {ergonomic}
     uint ConcGCThreads                            = 2                                         {product} {ergonomic}
     uint G1ConcRefinementThreads                  = 8                                         {product} {ergonomic}
   size_t G1HeapRegionSize                         = 1048576                                   {product} {ergonomic}
    uintx GCDrainStackTargetSize                   = 64                                        {product} {ergonomic}
   size_t InitialHeapSize                          = 132120576                                 {product} {ergonomic}
   size_t MarkStackSize                            = 4194304                                   {product} {ergonomic}
   size_t MaxHeapSize                              = 2107637760                                {product} {ergonomic}
   size_t MinHeapDeltaBytes                        = 1048576                                   {product} {ergonomic}
   size_t MinHeapSize                              = 8388608                                   {product} {ergonomic}
    uintx NonNMethodCodeHeapSize                   = 5839372                                {pd product} {ergonomic}
    uintx NonProfiledCodeHeapSize                  = 122909434                              {pd product} {ergonomic}
    uintx ProfiledCodeHeapSize                     = 122909434                              {pd product} {ergonomic}
    uintx ReservedCodeCacheSize                    = 251658240                              {pd product} {ergonomic}
     bool SegmentedCodeCache                       = true                                      {product} {ergonomic}
   size_t SoftMaxHeapSize                          = 2107637760                             {manageable} {ergonomic}
     bool UseCompressedClassPointers               = true                           {product lp64_product} {ergonomic}
     bool UseCompressedOops                        = true                           {product lp64_product} {ergonomic}
     bool UseG1GC                                  = true                                      {product} {ergonomic}
     bool UseLargePagesIndividualAllocation        = false                                  {pd product} {ergonomic}

Logging:
Log output configuration:
 #0: stdout all=warning uptime,level,tags
 #1: stderr all=off uptime,level,tags

Environment Variables:
JAVA_HOME=C:\Users\namgi\AppData\Local\jdk-17.0.8
CLASSPATH=C:\Users\namgi\AppData\Local\Android\Sdk\tools\bin\..\lib\dvlib-26.0.0-dev.jar;C:\Users\namgi\AppData\Local\Android\Sdk\tools\bin\..\lib\jimfs-1.1.jar;C:\Users\namgi\AppData\Local\Android\Sdk\tools\bin\..\lib\jsr305-1.3.9.jar;C:\Users\namgi\AppData\Local\Android\Sdk\tools\bin\..\lib\repository-26.0.0-dev.jar;C:\Users\namgi\AppData\Local\Android\Sdk\tools\bin\..\lib\j2objc-annotations-1.1.jar;C:\Users\namgi\AppData\Local\Android\Sdk\tools\bin\..\lib\layoutlib-api-26.0.0-dev.jar;C:\Users\namgi\AppData\Local\Android\Sdk\tools\bin\..\lib\gson-2.3.jar;C:\Users\namgi\AppData\Local\Android\Sdk\tools\bin\..\lib\httpcore-4.2.5.jar;C:\Users\namgi\AppData\Local\Android\Sdk\tools\bin\..\lib\commons-logging-1.1.1.jar;C:\Users\namgi\AppData\Local\Android\Sdk\tools\bin\..\lib\commons-compress-1.12.jar;C:\Users\namgi\AppData\Local\Android\Sdk\tools\bin\..\lib\annotations-26.0.0-dev.jar;C:\Users\namgi\AppData\Local\Android\Sdk\tools\bin\..\lib\error_prone_annotations-2.0.18.jar;C:\Users\namgi\AppData\Local\Android\Sdk\tools\bin\..\lib\animal-sniffer-annotations-1.14.jar;C:\Users\namgi\AppData\Local\Android\Sdk\tools\bin\..\lib\httpclient-4.2.6.jar;C:\Users\namgi\AppData\Local\Android\Sdk\tools\bin\..\lib\commons-codec-1.6.jar;C:\Users\namgi\AppData\Local\Android\Sdk\tools\bin\..\lib\common-26.0.0-dev.jar;C:\Users\namgi\AppData\Local\Android\Sdk\tools\bin\..\lib\kxml2-2.3.0.jar;C:\Users\namgi\AppData\Local\Android\Sdk\tools\bin\..\lib\httpmime-4.1.jar;C:\Users\namgi\AppData\Local\Android\Sdk\tools\bin\..\lib\annotations-12.0.jar;C:\Users\namgi\AppData\Local\Android\Sdk\tools\bin\..\lib\sdklib-26.0.0-dev.jar;C:\Users\namgi\AppData\Local\Android\Sdk\tools\bin\..\lib\guava-22.0.jar
PATH=D:\NamGiang\LocalDisk\Nam4\HK1-2023-2024\PhatTrienUDDDDaNenTang\DoAn\BaoCaoFinal\MoviesApp-main\MoviesApp-main\node_modules\.bin;D:\NamGiang\LocalDisk\Nam4\HK1-2023-2024\PhatTrienUDDDDaNenTang\DoAn\BaoCaoFinal\MoviesApp-main\MoviesApp-main\node_modules\.bin;D:\NamGiang\LocalDisk\Nam4\HK1-2023-2024\PhatTrienUDDDDaNenTang\DoAn\BaoCaoFinal\MoviesApp-main\node_modules\.bin;D:\NamGiang\LocalDisk\Nam4\HK1-2023-2024\PhatTrienUDDDDaNenTang\DoAn\BaoCaoFinal\node_modules\.bin;D:\NamGiang\LocalDisk\Nam4\HK1-2023-2024\PhatTrienUDDDDaNenTang\DoAn\node_modules\.bin;D:\NamGiang\LocalDisk\Nam4\HK1-2023-2024\PhatTrienUDDDDaNenTang\node_modules\.bin;D:\NamGiang\LocalDisk\Nam4\HK1-2023-2024\node_modules\.bin;D:\NamGiang\LocalDisk\Nam4\node_modules\.bin;D:\NamGiang\LocalDisk\node_modules\.bin;D:\NamGiang\node_modules\.bin;D:\node_modules\.bin;C:\Program Files\nodejs\node_modules\npm\node_modules\@npmcli\run-script\lib\node-gyp-bin;C:\Windows\system32;C:\Windows;C:\Windows\System32\Wbem;C:\Windows\System32\WindowsPowerShell\v1.0\;C:\Windows\System32\OpenSSH\;C:\Program Files\Microsoft SQL Server\150\Tools\Binn\;C:\Program Files\Microsoft SQL Server\Client SDK\ODBC\170\Tools\Binn\;C:\Program Files\dotnet\;C:\Program Files (x86)\Microsoft SQL Server\160\Tools\Binn\;C:\Program Files\Microsoft SQL Server\160\Tools\Binn\;C:\Program Files\Microsoft SQL Server\160\DTS\Binn\;C:\Program Files (x86)\Microsoft SQL Server\160\DTS\Binn\;C:\Program Files\Git\cmd;C:\ProgramData\chocolatey\bin;C:\Program Files\nodejs\;C:\Program Files\dotnet;C:\Program Files\Docker\Docker\resources\bin;C:\Users\namgi\AppData\Local\jdk-17.0.8;C:\Users\namgi\AppData\Local\Android\Sdk\tools;C:\Users\namgi\AppData\Local\Android\Sdk\tools;C:\Users\namgi\AppData\Local\Microsoft\WindowsApps;C:\Users\namgi\.dotnet\tools;C:\Program Files\Azure Data Studio\bin;C:\Users\namgi\AppData\Local\Programs\Microsoft VS Code\bin;C:\Program Files\heroku\bin;C:\Users\namgi\AppData\Roaming\npm;C:\Users\namgi\AppData\Local\Android\Sdk\platf
USERNAME=namgi
LANG=en_US.UTF-8
OS=Windows_NT
PROCESSOR_IDENTIFIER=Intel64 Family 6 Model 142 Stepping 12, GenuineIntel



---------------  S Y S T E M  ---------------

OS:
 Windows 10 , 64 bit Build 19041 (10.0.19041.3636)
OS uptime: 8 days 1:28 hours
Hyper-V role detected

CPU: total 8 (initial active 8) (4 cores per cpu, 2 threads per core) family 6 model 142 stepping 12 microcode 0xf8, cx8, cmov, fxsr, ht, mmx, 3dnowpref, sse, sse2, sse3, ssse3, sse4.1, sse4.2, popcnt, lzcnt, tsc, tscinvbit, avx, avx2, aes, erms, clmul, bmi1, bmi2, adx, fma, vzeroupper, clflush, clflushopt, hv

Memory: 4k page, system-wide physical 8039M (617M free)
TotalPageFile size 18039M (AvailPageFile size 5M)
current process WorkingSet (physical memory assigned to process): 10M, peak: 10M
current process commit charge ("private bytes"): 58M, peak: 59M

vm_info: Java HotSpot(TM) 64-Bit Server VM (17.0.8+9-LTS-211) for windows-amd64 JRE (17.0.8+9-LTS-211), built on Jun 14 2023 10:34:31 by "mach5one" with MS VC++ 17.1 (VS2022)

END.
